  калькулятор.cpp
C:\Users\HP\source\repos\калькулятор\калькулятор\калькулятор.cpp(5,1): warning C4326: возвращаемый тип "main" должен быть "int", а не "void"
C:\Users\HP\source\repos\калькулятор\калькулятор\калькулятор.cpp(9,7): error C3873: "0xab": этот символ недопустим как первый символ идентификатора
C:\Users\HP\source\repos\калькулятор\калькулятор\калькулятор.cpp(9,7): error C2146: синтаксическая ошибка: отсутствие ";" перед идентификатором "«"
C:\Users\HP\source\repos\калькулятор\калькулятор\калькулятор.cpp(9,7): error C2065: «: необъявленный идентификатор
C:\Users\HP\source\repos\калькулятор\калькулятор\калькулятор.cpp(9,10): error C2143: синтаксическая ошибка: отсутствие ";" перед "строка"
C:\Users\HP\source\repos\калькулятор\калькулятор\калькулятор.cpp(9,40): error C3873: "0xab": этот символ недопустим как первый символ идентификатора
C:\Users\HP\source\repos\калькулятор\калькулятор\калькулятор.cpp(9,40): error C2146: синтаксическая ошибка: отсутствие ";" перед идентификатором "«"
C:\Users\HP\source\repos\калькулятор\калькулятор\калькулятор.cpp(9,40): error C2065: «: необъявленный идентификатор
C:\Users\HP\source\repos\калькулятор\калькулятор\калькулятор.cpp(9,43): error C2146: синтаксическая ошибка: отсутствие ";" перед идентификатором "endl"
C:\Users\HP\source\repos\калькулятор\калькулятор\калькулятор.cpp(9,43): warning C4551: в вызове функции отсутствует список аргументов
C:\Users\HP\source\repos\калькулятор\калькулятор\калькулятор.cpp(10,6): error C3873: "0xbb": этот символ недопустим как первый символ идентификатора
C:\Users\HP\source\repos\калькулятор\калькулятор\калькулятор.cpp(10,6): error C2146: синтаксическая ошибка: отсутствие ";" перед идентификатором "»"
C:\Users\HP\source\repos\калькулятор\калькулятор\калькулятор.cpp(10,11): error C3873: "0xbb": этот символ недопустим как первый символ идентификатора
C:\Users\HP\source\repos\калькулятор\калькулятор\калькулятор.cpp(10,6): error C2065: »: необъявленный идентификатор
C:\Users\HP\source\repos\калькулятор\калькулятор\калькулятор.cpp(10,9): error C2146: синтаксическая ошибка: отсутствие ";" перед идентификатором "a"
C:\Users\HP\source\repos\калькулятор\калькулятор\калькулятор.cpp(10,11): error C2146: синтаксическая ошибка: отсутствие ";" перед идентификатором "»"
C:\Users\HP\source\repos\калькулятор\калькулятор\калькулятор.cpp(10,11): error C2065: »: необъявленный идентификатор
C:\Users\HP\source\repos\калькулятор\калькулятор\калькулятор.cpp(10,14): error C2146: синтаксическая ошибка: отсутствие ";" перед идентификатором "b"
C:\Users\HP\source\repos\калькулятор\калькулятор\калькулятор.cpp(12,8): error C3873: "0xab": этот символ недопустим как первый символ идентификатора
C:\Users\HP\source\repos\калькулятор\калькулятор\калькулятор.cpp(12,8): error C2065: «: необъявленный идентификатор
C:\Users\HP\source\repos\калькулятор\калькулятор\калькулятор.cpp(12,11): error C2143: синтаксическая ошибка: отсутствие ";" перед "строка"
C:\Users\HP\source\repos\калькулятор\калькулятор\калькулятор.cpp(12,76): error C3873: "0xab": этот символ недопустим как первый символ идентификатора
C:\Users\HP\source\repos\калькулятор\калькулятор\калькулятор.cpp(12,76): error C2146: синтаксическая ошибка: отсутствие ";" перед идентификатором "«"
C:\Users\HP\source\repos\калькулятор\калькулятор\калькулятор.cpp(12,84): error C3873: "0xab": этот символ недопустим как первый символ идентификатора
C:\Users\HP\source\repos\калькулятор\калькулятор\калькулятор.cpp(12,76): error C2065: «: необъявленный идентификатор
C:\Users\HP\source\repos\калькулятор\калькулятор\калькулятор.cpp(12,79): error C2146: синтаксическая ошибка: отсутствие ";" перед идентификатором "endl"
C:\Users\HP\source\repos\калькулятор\калькулятор\калькулятор.cpp(12,84): error C2146: синтаксическая ошибка: отсутствие ";" перед идентификатором "«"
C:\Users\HP\source\repos\калькулятор\калькулятор\калькулятор.cpp(12,79): warning C4551: в вызове функции отсутствует список аргументов
C:\Users\HP\source\repos\калькулятор\калькулятор\калькулятор.cpp(12,84): error C2065: «: необъявленный идентификатор
C:\Users\HP\source\repos\калькулятор\калькулятор\калькулятор.cpp(13,3): error C2143: синтаксическая ошибка: отсутствие ";" перед "строка"
C:\Users\HP\source\repos\калькулятор\калькулятор\калькулятор.cpp(13,25): error C3873: "0xab": этот символ недопустим как первый символ идентификатора
C:\Users\HP\source\repos\калькулятор\калькулятор\калькулятор.cpp(13,25): error C2146: синтаксическая ошибка: отсутствие ";" перед идентификатором "«"
C:\Users\HP\source\repos\калькулятор\калькулятор\калькулятор.cpp(13,33): error C3873: "0xab": этот символ недопустим как первый символ идентификатора
C:\Users\HP\source\repos\калькулятор\калькулятор\калькулятор.cpp(13,25): error C2065: «: необъявленный идентификатор
C:\Users\HP\source\repos\калькулятор\калькулятор\калькулятор.cpp(13,28): error C2146: синтаксическая ошибка: отсутствие ";" перед идентификатором "endl"
C:\Users\HP\source\repos\калькулятор\калькулятор\калькулятор.cpp(13,33): error C2146: синтаксическая ошибка: отсутствие ";" перед идентификатором "«"
C:\Users\HP\source\repos\калькулятор\калькулятор\калькулятор.cpp(13,28): warning C4551: в вызове функции отсутствует список аргументов
C:\Users\HP\source\repos\калькулятор\калькулятор\калькулятор.cpp(13,33): error C2065: «: необъявленный идентификатор
C:\Users\HP\source\repos\калькулятор\калькулятор\калькулятор.cpp(14,3): error C2143: синтаксическая ошибка: отсутствие ";" перед "строка"
C:\Users\HP\source\repos\калькулятор\калькулятор\калькулятор.cpp(14,27): error C3873: "0xab": этот символ недопустим как первый символ идентификатора
C:\Users\HP\source\repos\калькулятор\калькулятор\калькулятор.cpp(14,27): error C2146: синтаксическая ошибка: отсутствие ";" перед идентификатором "«"
C:\Users\HP\source\repos\калькулятор\калькулятор\калькулятор.cpp(14,35): error C3873: "0xab": этот символ недопустим как первый символ идентификатора
C:\Users\HP\source\repos\калькулятор\калькулятор\калькулятор.cpp(14,27): error C2065: «: необъявленный идентификатор
C:\Users\HP\source\repos\калькулятор\калькулятор\калькулятор.cpp(14,30): error C2146: синтаксическая ошибка: отсутствие ";" перед идентификатором "endl"
C:\Users\HP\source\repos\калькулятор\калькулятор\калькулятор.cpp(14,35): error C2146: синтаксическая ошибка: отсутствие ";" перед идентификатором "«"
C:\Users\HP\source\repos\калькулятор\калькулятор\калькулятор.cpp(14,30): warning C4551: в вызове функции отсутствует список аргументов
C:\Users\HP\source\repos\калькулятор\калькулятор\калькулятор.cpp(14,35): error C2065: «: необъявленный идентификатор
C:\Users\HP\source\repos\калькулятор\калькулятор\калькулятор.cpp(15,3): error C2143: синтаксическая ошибка: отсутствие ";" перед "строка"
C:\Users\HP\source\repos\калькулятор\калькулятор\калькулятор.cpp(15,27): error C3873: "0xab": этот символ недопустим как первый символ идентификатора
C:\Users\HP\source\repos\калькулятор\калькулятор\калькулятор.cpp(15,27): error C2146: синтаксическая ошибка: отсутствие ";" перед идентификатором "«"
C:\Users\HP\source\repos\калькулятор\калькулятор\калькулятор.cpp(15,35): error C3873: "0xab": этот символ недопустим как первый символ идентификатора
C:\Users\HP\source\repos\калькулятор\калькулятор\калькулятор.cpp(15,27): error C2065: «: необъявленный идентификатор
C:\Users\HP\source\repos\калькулятор\калькулятор\калькулятор.cpp(15,30): error C2146: синтаксическая ошибка: отсутствие ";" перед идентификатором "endl"
C:\Users\HP\source\repos\калькулятор\калькулятор\калькулятор.cpp(15,35): error C2146: синтаксическая ошибка: отсутствие ";" перед идентификатором "«"
C:\Users\HP\source\repos\калькулятор\калькулятор\калькулятор.cpp(15,30): warning C4551: в вызове функции отсутствует список аргументов
C:\Users\HP\source\repos\калькулятор\калькулятор\калькулятор.cpp(15,35): error C2065: «: необъявленный идентификатор
C:\Users\HP\source\repos\калькулятор\калькулятор\калькулятор.cpp(16,3): error C2143: синтаксическая ошибка: отсутствие ";" перед "строка"
C:\Users\HP\source\repos\калькулятор\калькулятор\калькулятор.cpp(16,23): error C3873: "0xab": этот символ недопустим как первый символ идентификатора
C:\Users\HP\source\repos\калькулятор\калькулятор\калькулятор.cpp(16,23): error C2146: синтаксическая ошибка: отсутствие ";" перед идентификатором "«"
C:\Users\HP\source\repos\калькулятор\калькулятор\калькулятор.cpp(16,23): error C2065: «: необъявленный идентификатор
C:\Users\HP\source\repos\калькулятор\калькулятор\калькулятор.cpp(16,26): error C2146: синтаксическая ошибка: отсутствие ";" перед идентификатором "endl"
C:\Users\HP\source\repos\калькулятор\калькулятор\калькулятор.cpp(16,26): warning C4551: в вызове функции отсутствует список аргументов
C:\Users\HP\source\repos\калькулятор\калькулятор\калькулятор.cpp(17,6): error C3873: "0xbb": этот символ недопустим как первый символ идентификатора
C:\Users\HP\source\repos\калькулятор\калькулятор\калькулятор.cpp(17,6): error C2146: синтаксическая ошибка: отсутствие ";" перед идентификатором "»"
C:\Users\HP\source\repos\калькулятор\калькулятор\калькулятор.cpp(17,6): error C2065: »: необъявленный идентификатор
C:\Users\HP\source\repos\калькулятор\калькулятор\калькулятор.cpp(17,9): error C2146: синтаксическая ошибка: отсутствие ";" перед идентификатором "selection"
C:\Users\HP\source\repos\калькулятор\калькулятор\калькулятор.cpp(22,8): error C3873: "0xab": этот символ недопустим как первый символ идентификатора
C:\Users\HP\source\repos\калькулятор\калькулятор\калькулятор.cpp(22,8): error C2146: синтаксическая ошибка: отсутствие ";" перед идентификатором "«"
C:\Users\HP\source\repos\калькулятор\калькулятор\калькулятор.cpp(22,8): error C2065: «: необъявленный идентификатор
C:\Users\HP\source\repos\калькулятор\калькулятор\калькулятор.cpp(22,11): error C2143: синтаксическая ошибка: отсутствие ";" перед "строка"
C:\Users\HP\source\repos\калькулятор\калькулятор\калькулятор.cpp(22,50): error C3873: "0xab": этот символ недопустим как первый символ идентификатора
C:\Users\HP\source\repos\калькулятор\калькулятор\калькулятор.cpp(22,50): error C2146: синтаксическая ошибка: отсутствие ";" перед идентификатором "«"
C:\Users\HP\source\repos\калькулятор\калькулятор\калькулятор.cpp(22,50): error C2065: «: необъявленный идентификатор
C:\Users\HP\source\repos\калькулятор\калькулятор\калькулятор.cpp(22,53): error C2146: синтаксическая ошибка: отсутствие ";" перед идентификатором "a"
C:\Users\HP\source\repos\калькулятор\калькулятор\калькулятор.cpp(22,59): error C3873: "0xab": этот символ недопустим как первый символ идентификатора
C:\Users\HP\source\repos\калькулятор\калькулятор\калькулятор.cpp(22,59): error C2146: синтаксическая ошибка: отсутствие ";" перед идентификатором "«"
C:\Users\HP\source\repos\калькулятор\калькулятор\калькулятор.cpp(22,55): warning C4552: "+": результат выражения не используется
C:\Users\HP\source\repos\калькулятор\калькулятор\калькулятор.cpp(22,59): error C2065: «: необъявленный идентификатор
C:\Users\HP\source\repos\калькулятор\калькулятор\калькулятор.cpp(22,62): error C2146: синтаксическая ошибка: отсутствие ";" перед идентификатором "endl"
C:\Users\HP\source\repos\калькулятор\калькулятор\калькулятор.cpp(22,62): warning C4551: в вызове функции отсутствует список аргументов
C:\Users\HP\source\repos\калькулятор\калькулятор\калькулятор.cpp(25,8): error C3873: "0xab": этот символ недопустим как первый символ идентификатора
C:\Users\HP\source\repos\калькулятор\калькулятор\калькулятор.cpp(25,8): error C2146: синтаксическая ошибка: отсутствие ";" перед идентификатором "«"
C:\Users\HP\source\repos\калькулятор\калькулятор\калькулятор.cpp(25,8): error C2065: «: необъявленный идентификатор
C:\Users\HP\source\repos\калькулятор\калькулятор\калькулятор.cpp(25,11): error C2143: синтаксическая ошибка: отсутствие ";" перед "строка"
C:\Users\HP\source\repos\калькулятор\калькулятор\калькулятор.cpp(25,52): error C3873: "0xab": этот символ недопустим как первый символ идентификатора
C:\Users\HP\source\repos\калькулятор\калькулятор\калькулятор.cpp(25,52): error C2146: синтаксическая ошибка: отсутствие ";" перед идентификатором "«"
C:\Users\HP\source\repos\калькулятор\калькулятор\калькулятор.cpp(25,52): error C2065: «: необъявленный идентификатор
C:\Users\HP\source\repos\калькулятор\калькулятор\калькулятор.cpp(25,55): error C2146: синтаксическая ошибка: отсутствие ";" перед идентификатором "a"
C:\Users\HP\source\repos\калькулятор\калькулятор\калькулятор.cpp(25,61): error C3873: "0xab": этот символ недопустим как первый символ идентификатора
C:\Users\HP\source\repos\калькулятор\калькулятор\калькулятор.cpp(25,61): error C2146: синтаксическая ошибка: отсутствие ";" перед идентификатором "«"
C:\Users\HP\source\repos\калькулятор\калькулятор\калькулятор.cpp(25,57): warning C4552: "-": результат выражения не используется
C:\Users\HP\source\repos\калькулятор\калькулятор\калькулятор.cpp(25,61): error C2065: «: необъявленный идентификатор
C:\Users\HP\source\repos\калькулятор\калькулятор\калькулятор.cpp(25,64): error C2146: синтаксическая ошибка: отсутствие ";" перед идентификатором "endl"
C:\Users\HP\source\repos\калькулятор\калькулятор\калькулятор.cpp(25,64): warning C4551: в вызове функции отсутствует список аргументов
C:\Users\HP\source\repos\калькулятор\калькулятор\калькулятор.cpp(28,9): error C3873: "0xab": этот символ недопустим как первый символ идентификатора
C:\Users\HP\source\repos\калькулятор\калькулятор\калькулятор.cpp(28,9): error C2065: «: необъявленный идентификатор
C:\Users\HP\source\repos\калькулятор\калькулятор\калькулятор.cpp(28,12): error C2143: синтаксическая ошибка: отсутствие ";" перед "строка"
C:\Users\HP\source\repos\калькулятор\калькулятор\калькулятор.cpp(28,55): error C3873: "0xab": этот символ недопустим как первый символ идентификатора
C:\Users\HP\source\repos\калькулятор\калькулятор\калькулятор.cpp(28,55): error C2146: синтаксическая ошибка: отсутствие ";" перед идентификатором "«"
C:\Users\HP\source\repos\калькулятор\калькулятор\калькулятор.cpp(28,55): error C2065: «: необъявленный идентификатор
C:\Users\HP\source\repos\калькулятор\калькулятор\калькулятор.cpp(28,58): error C2146: синтаксическая ошибка: отсутствие ";" перед идентификатором "a"
C:\Users\HP\source\repos\калькулятор\калькулятор\калькулятор.cpp(28,64): error C3873: "0xab": этот символ недопустим как первый символ идентификатора
C:\Users\HP\source\repos\калькулятор\калькулятор\калькулятор.cpp(28,64): error C2146: синтаксическая ошибка: отсутствие ";" перед идентификатором "«"
C:\Users\HP\source\repos\калькулятор\калькулятор\калькулятор.cpp(28,60): warning C4552: "*": результат выражения не используется
C:\Users\HP\source\repos\калькулятор\калькулятор\калькулятор.cpp(28,64): error C2065: «: необъявленный идентификатор
C:\Users\HP\source\repos\калькулятор\калькулятор\калькулятор.cpp(28,67): error C2146: синтаксическая ошибка: отсутствие ";" перед идентификатором "endl"
C:\Users\HP\source\repos\калькулятор\калькулятор\калькулятор.cpp(28,67): warning C4551: в вызове функции отсутствует список аргументов
C:\Users\HP\source\repos\калькулятор\калькулятор\калькулятор.cpp(31,8): error C3873: "0xab": этот символ недопустим как первый символ идентификатора
C:\Users\HP\source\repos\калькулятор\калькулятор\калькулятор.cpp(31,8): error C2146: синтаксическая ошибка: отсутствие ";" перед идентификатором "«"
C:\Users\HP\source\repos\калькулятор\калькулятор\калькулятор.cpp(31,8): error C2065: «: необъявленный идентификатор
C:\Users\HP\source\repos\калькулятор\калькулятор\калькулятор.cpp(31,11): error C2143: синтаксическая ошибка: отсутствие ";" перед "строка"
C:\Users\HP\source\repos\калькулятор\калькулятор\калькулятор.cpp(31,48): error C3873: "0xab": этот символ недопустим как первый символ идентификатора
C:\Users\HP\source\repos\калькулятор\калькулятор\калькулятор.cpp(31,48): error C2146: синтаксическая ошибка: отсутствие ";" перед идентификатором "«"
C:\Users\HP\source\repos\калькулятор\калькулятор\калькулятор.cpp(31,51): error C2144: синтаксическая ошибка: перед "float" требуется ")"
C:\Users\HP\source\repos\калькулятор\калькулятор\калькулятор.cpp(31,56): fatal  error C1003: число ошибок превышает 100; остановка компиляции
